This file contains any messages produced by compilers while
running configure, to aid debugging if configure makes a mistake.

It was created by configure, which was
generated by GNU Autoconf 2.59.  Invocation command line was

  $ ./configure --no-create --no-recursion

## --------- ##
## Platform. ##
## --------- ##

hostname = leon-VirtualBox
uname -m = i686
uname -r = 4.2.0-22-generic
uname -s = Linux
uname -v = #27-Ubuntu SMP Thu Dec 17 22:57:22 UTC 2015

/usr/bin/uname -p = unknown
/bin/uname -X     = unknown

/bin/arch              = unknown
/usr/bin/arch -k       = unknown
/usr/convex/getsysinfo = unknown
hostinfo               = unknown
/bin/machine           = unknown
/usr/bin/oslevel       = unknown
/bin/universe          = unknown

PATH: /usr/local/sbin
PATH: /usr/local/bin
PATH: /usr/sbin
PATH: /usr/bin
PATH: /sbin
PATH: /bin
PATH: /home/leon/Workspace/Marvell_Switch/AlleyCat3/Source/toolchain/armv7-marvell-linux-gnueabi-softfp_i686/bin
PATH: /home/leon/Workspace/Marvell_Switch/AlleyCat3/Source/toolchain/armv7-marvell-linux-gnueabi-softfp_i686/bin


## ----------- ##
## Core tests. ##
## ----------- ##

configure:1429: checking for gcc
configure:1455: result: /home/leon/Workspace/source/sdk/staging_dir/toolchain-arm_gcc-4.5.1+l_uClibc-0.9.32_eabi/bin/arm-openwrt-linux-uclibcgnueabi-gcc
configure:1699: checking for C compiler version
configure:1702: /home/leon/Workspace/source/sdk/staging_dir/toolchain-arm_gcc-4.5.1+l_uClibc-0.9.32_eabi/bin/arm-openwrt-linux-uclibcgnueabi-gcc --version </dev/null >&5
./configure: 1: eval: /home/leon/Workspace/source/sdk/staging_dir/toolchain-arm_gcc-4.5.1+l_uClibc-0.9.32_eabi/bin/arm-openwrt-linux-uclibcgnueabi-gcc: not found
configure:1705: $? = 127
configure:1707: /home/leon/Workspace/source/sdk/staging_dir/toolchain-arm_gcc-4.5.1+l_uClibc-0.9.32_eabi/bin/arm-openwrt-linux-uclibcgnueabi-gcc -v </dev/null >&5
./configure: 1: eval: /home/leon/Workspace/source/sdk/staging_dir/toolchain-arm_gcc-4.5.1+l_uClibc-0.9.32_eabi/bin/arm-openwrt-linux-uclibcgnueabi-gcc: not found
configure:1710: $? = 127
configure:1712: /home/leon/Workspace/source/sdk/staging_dir/toolchain-arm_gcc-4.5.1+l_uClibc-0.9.32_eabi/bin/arm-openwrt-linux-uclibcgnueabi-gcc -V </dev/null >&5
./configure: 1: eval: /home/leon/Workspace/source/sdk/staging_dir/toolchain-arm_gcc-4.5.1+l_uClibc-0.9.32_eabi/bin/arm-openwrt-linux-uclibcgnueabi-gcc: not found
configure:1715: $? = 127
configure:1738: checking for C compiler default output file name
configure:1741: /home/leon/Workspace/source/sdk/staging_dir/toolchain-arm_gcc-4.5.1+l_uClibc-0.9.32_eabi/bin/arm-openwrt-linux-uclibcgnueabi-gcc    conftest.c  >&5
./configure: 1: eval: /home/leon/Workspace/source/sdk/staging_dir/toolchain-arm_gcc-4.5.1+l_uClibc-0.9.32_eabi/bin/arm-openwrt-linux-uclibcgnueabi-gcc: not found
configure:1744: $? = 127
configure: failed program was:
| /* confdefs.h.  */
| 
| #define PACKAGE_NAME ""
| #define PACKAGE_TARNAME ""
| #define PACKAGE_VERSION ""
| #define PACKAGE_STRING ""
| #define PACKAGE_BUGREPORT ""
| #define MXML_VERSION "Mini-XML v2.4"
| /* end confdefs.h.  */
| 
| int
| main ()
| {
| 
|   ;
|   return 0;
| }
configure:1782: error: C compiler cannot create executables
See `config.log' for more details.

## ---------------- ##
## Cache variables. ##
## ---------------- ##

ac_cv_env_CC_set='set'
ac_cv_env_CC_value='/home/leon/Workspace/source/sdk/staging_dir/toolchain-arm_gcc-4.5.1+l_uClibc-0.9.32_eabi/bin/arm-openwrt-linux-uclibcgnueabi-gcc'
ac_cv_env_CFLAGS_set=''
ac_cv_env_CFLAGS_value=''
ac_cv_env_CPPFLAGS_set=''
ac_cv_env_CPPFLAGS_value=''
ac_cv_env_CPP_set=''
ac_cv_env_CPP_value=''
ac_cv_env_CXXFLAGS_set=''
ac_cv_env_CXXFLAGS_value=''
ac_cv_env_CXX_set='set'
ac_cv_env_CXX_value='/home/leon/Workspace/source/sdk/staging_dir/toolchain-arm_gcc-4.5.1+l_uClibc-0.9.32_eabi/bin/arm-openwrt-linux-uclibcgnueabi-g++'
ac_cv_env_LDFLAGS_set=''
ac_cv_env_LDFLAGS_value=''
ac_cv_env_build_alias_set=''
ac_cv_env_build_alias_value=''
ac_cv_env_host_alias_set=''
ac_cv_env_host_alias_value=''
ac_cv_env_target_alias_set=''
ac_cv_env_target_alias_value=''
ac_cv_prog_ac_ct_CC='/home/leon/Workspace/source/sdk/staging_dir/toolchain-arm_gcc-4.5.1+l_uClibc-0.9.32_eabi/bin/arm-openwrt-linux-uclibcgnueabi-gcc'

## ----------------- ##
## Output variables. ##
## ----------------- ##

AR='/home/leon/Workspace/source/sdk/staging_dir/toolchain-arm_gcc-4.5.1+l_uClibc-0.9.32_eabi/bin/arm-openwrt-linux-uclibcgnueabi-ar'
ARCHFLAGS=''
ARFLAGS=''
CC='/home/leon/Workspace/source/sdk/staging_dir/toolchain-arm_gcc-4.5.1+l_uClibc-0.9.32_eabi/bin/arm-openwrt-linux-uclibcgnueabi-gcc'
CFLAGS=''
CP=''
CPP=''
CPPFLAGS=''
CXX='/home/leon/Workspace/source/sdk/staging_dir/toolchain-arm_gcc-4.5.1+l_uClibc-0.9.32_eabi/bin/arm-openwrt-linux-uclibcgnueabi-g++'
CXXFLAGS=''
DEFS=''
DSO=''
DSOFLAGS=''
ECHO_C='ECHO_N=''
ECHO_T=''
EGREP=''
EXEEXT=''
INSTALL_DATA=''
INSTALL_PROGRAM=''
INSTALL_SCRIPT=''
LDFLAGS=''
LIBMXML=''
LIBOBJS=''
LIBS=''
LN=''
LTLIBOBJS=''
MKDIR=''
OBJEXT=''
OPTIM=''
PACKAGE_BUGREPORT=''
PACKAGE_NAME=''
PACKAGE_STRING=''
PACKAGE_TARNAME=''
PACKAGE_VERSION=''
PATH_SEPARATOR=':'
PC_CFLAGS=''
PC_LIBS=''
PICFLAG=''
PTHREAD_FLAGS=''
PTHREAD_LIBS=''
RANLIB='/home/leon/Workspace/source/sdk/staging_dir/toolchain-arm_gcc-4.5.1+l_uClibc-0.9.32_eabi/bin/arm-openwrt-linux-uclibcgnueabi-ranlib'
RM=''
SHELL='/bin/bash'
VERSION='2.4'
ac_ct_CC='/home/leon/Workspace/source/sdk/staging_dir/toolchain-arm_gcc-4.5.1+l_uClibc-0.9.32_eabi/bin/arm-openwrt-linux-uclibcgnueabi-gcc'
ac_ct_CXX=''
ac_ct_RANLIB=''
bindir='${exec_prefix}/bin'
build_alias=''
datadir='${prefix}/share'
docdir='NONE'
exec_prefix='NONE'
host_alias=''
includedir='${prefix}/include'
infodir='${prefix}/info'
libdir='${exec_prefix}/lib'
libexecdir='${exec_prefix}/libexec'
localstatedir='${prefix}/var'
mandir='${prefix}/man'
oldincludedir='/usr/include'
prefix='NONE'
program_transform_name='s,x,x,'
sbindir='${exec_prefix}/sbin'
sharedstatedir='${prefix}/com'
sysconfdir='${prefix}/etc'
target_alias=''

## ----------- ##
## confdefs.h. ##
## ----------- ##

#define MXML_VERSION "Mini-XML v2.4"
#define PACKAGE_BUGREPORT ""
#define PACKAGE_NAME ""
#define PACKAGE_STRING ""
#define PACKAGE_TARNAME ""
#define PACKAGE_VERSION ""

configure: exit 77

## ---------------------- ##
## Running config.status. ##
## ---------------------- ##

This file was extended by config.status, which was
generated by GNU Autoconf 2.59.  Invocation command line was

  CONFIG_FILES    = 
  CONFIG_HEADERS  = 
  CONFIG_LINKS    = 
  CONFIG_COMMANDS = 
  $ ./config.status 

on leon-VirtualBox

config.status:674: creating Makefile
config.status:674: creating mxml.list
config.status:674: creating mxml.pc
config.status:778: creating config.h
config.status:890: config.h is unchanged
